[1] "Total number of NAs in all all three test files = "
[1] 0
[1] "Test Subjects (Rows, Columns)  = "
[1] 2947    1
[1] "---------------------------------------------------------------------------"
[1] "Test Activities (Rows, Columns)  = "
[1] 2947    1
[1] "---------------------------------------------------------------------------"
[1] "Test Data (Rows, Columns)  = "
[1] 2947  561
[1] "---------------------------------------------------------------------------"
[1] "---------------------------------------------------------------------------"
[1] "Total number of NAs in all all three training  files = "
[1] 0
[1] "Train Subjects (Rows, Columns)  = "
[1] 7352    1
[1] "---------------------------------------------------------------------------"
[1] "Train Activities (Rows, Columns)  = "
[1] 7352    1
[1] "---------------------------------------------------------------------------"
[1] "Train Data (Rows, Columns)  = "
[1] 7352  561
[1] "---------------------------------------------------------------------------"
[1] "---------------------------------------------------------------------------"
[1] "test_data_01 (Rows, Columns)  = "
[1] 2947  561
[1] "---------------------------------------------------------------------------"
[1] "train_data_02 (Rows, Columns)  = "
[1] 7352   86
[1] "---------------------------------------------------------------------------"
[1] "test_03 (Rows, Columns)  = "
[1] 2947   88
[1] "train_03 (Rows, Columns)  = "
[1] 7352   88
[1] "Merged data (complete_01) (Rows, Columns)  = "
[1] 10299    88
[1] "---------------------------------------------------------------------------"
[1] "---------------------------------------------------------------------------"
[1] "Final file: (anal_01.txt) (Rows, Columns)  = "
[1] 180  88
[1] "Final file read back in to check (Rows, Columns)  = "
[1] 180  88
